mode: set
learngo/containers/Leetcode3/nonrepeating.go:9.27,15.32 4 0
learngo/containers/Leetcode3/nonrepeating.go:25.2,25.15 1 0
learngo/containers/Leetcode3/nonrepeating.go:15.32,16.61 1 0
learngo/containers/Leetcode3/nonrepeating.go:19.3,19.28 1 0
learngo/containers/Leetcode3/nonrepeating.go:23.3,23.22 1 0
learngo/containers/Leetcode3/nonrepeating.go:16.61,18.4 1 0
learngo/containers/Leetcode3/nonrepeating.go:19.28,21.4 1 0
learngo/containers/Leetcode3/nonrepeating.go:29.30,35.32 4 1
learngo/containers/Leetcode3/nonrepeating.go:45.2,45.15 1 1
learngo/containers/Leetcode3/nonrepeating.go:35.32,36.61 1 1
learngo/containers/Leetcode3/nonrepeating.go:39.3,39.28 1 1
learngo/containers/Leetcode3/nonrepeating.go:43.3,43.22 1 1
learngo/containers/Leetcode3/nonrepeating.go:36.61,38.4 1 1
learngo/containers/Leetcode3/nonrepeating.go:39.28,41.4 1 1
learngo/containers/Leetcode3/nonrepeating.go:48.13,54.2 5 0
