mode: set
learngo/containers/Leetcode3/nonrepeating.go:8.27,14.32 4 0
learngo/containers/Leetcode3/nonrepeating.go:24.2,24.15 1 0
learngo/containers/Leetcode3/nonrepeating.go:14.32,15.61 1 0
learngo/containers/Leetcode3/nonrepeating.go:18.3,18.28 1 0
learngo/containers/Leetcode3/nonrepeating.go:22.3,22.22 1 0
learngo/containers/Leetcode3/nonrepeating.go:15.61,17.4 1 0
learngo/containers/Leetcode3/nonrepeating.go:18.28,20.4 1 0
learngo/containers/Leetcode3/nonrepeating.go:28.30,34.28 2 1
learngo/containers/Leetcode3/nonrepeating.go:38.2,41.32 3 1
learngo/containers/Leetcode3/nonrepeating.go:51.2,51.15 1 1
learngo/containers/Leetcode3/nonrepeating.go:34.28,36.3 1 1
learngo/containers/Leetcode3/nonrepeating.go:41.32,42.67 1 1
learngo/containers/Leetcode3/nonrepeating.go:45.3,45.28 1 1
learngo/containers/Leetcode3/nonrepeating.go:49.3,49.22 1 1
learngo/containers/Leetcode3/nonrepeating.go:42.67,44.4 1 1
learngo/containers/Leetcode3/nonrepeating.go:45.28,47.4 1 1
learngo/containers/Leetcode3/nonrepeating.go:54.13,60.2 5 0
